# JRE version: Java(TM) SE Runtime Environment (8.0_121-b13) (build 1.8.0_121-b13)
# Java VM: Java HotSpot(TM) 64-Bit Server VM (25.121-b13 mixed mode linux-amd64 compressed oops)
Heap:
 PSYoungGen      total 931840K, used 82906K [0x000000076ab00000, 0x00000007c0000000, 0x00000007c0000000)
  eden space 465920K, 0% used [0x000000076ab00000,0x000000076ab00000,0x0000000787200000)
  from space 465920K, 17% used [0x00000007a3900000,0x00000007a89f6bd8,0x00000007c0000000)
  to   space 465920K, 0% used [0x0000000787200000,0x0000000787200000,0x00000007a3900000)
 ParOldGen       total 1137152K, used 1137109K [0x00000006c0000000, 0x0000000705680000, 0x000000076ab00000)
  object space 1137152K, 99% used [0x00000006c0000000,0x0000000705675590,0x0000000705680000)
 Metaspace       used 49640K, capacity 50222K, committed 50560K, reserved 1091584K
  class space    used 7293K, capacity 7437K, committed 7552K, reserved 1048576K
GC Heap History (10 events):
Event: 38.274 GC heap after
Heap after GC invocations=63 (full 9):
 PSYoungGen      total 931840K, used 382542K [0x000000076ab00000, 0x00000007c0000000, 0x00000007c0000000)
  eden space 465920K, 0% used [0x000000076ab00000,0x000000076ab00000,0x0000000787200000)
  from space 465920K, 82% used [0x00000007a3900000,0x00000007bae93b28,0x00000007c0000000)
  to   space 465920K, 0% used [0x0000000787200000,0x0000000787200000,0x00000007a3900000)
 ParOldGen       total 1077248K, used 726173K [0x00000006c0000000, 0x0000000701c00000, 0x000000076ab00000)
  object space 1077248K, 67% used [0x00000006c0000000,0x00000006ec5276a0,0x0000000701c00000)
 Metaspace       used 49628K, capacity 50222K, committed 50560K, reserved 1091584K
  class space    used 7293K, capacity 7437K, committed 7552K, reserved 1048576K
}
Event: 38.365 GC heap before
{Heap before GC invocations=64 (full 9):
 PSYoungGen      total 931840K, used 848462K [0x000000076ab00000, 0x00000007c0000000, 0x00000007c0000000)
  eden space 465920K, 100% used [0x000000076ab00000,0x0000000787200000,0x0000000787200000)
  from space 465920K, 82% used [0x00000007a3900000,0x00000007bae93b28,0x00000007c0000000)
  to   space 465920K, 0% used [0x0000000787200000,0x0000000787200000,0x00000007a3900000)
 ParOldGen       total 1077248K, used 726173K [0x00000006c0000000, 0x0000000701c00000, 0x000000076ab00000)
  object space 1077248K, 67% used [0x00000006c0000000,0x00000006ec5276a0,0x0000000701c00000)
 Metaspace       used 49628K, capacity 50222K, committed 50560K, reserved 1091584K
  class space    used 7293K, capacity 7437K, committed 7552K, reserved 1048576K
Event: 38.447 GC heap after
Heap after GC invocations=64 (full 9):
 PSYoungGen      total 931840K, used 413806K [0x000000076ab00000, 0x00000007c0000000, 0x00000007c0000000)
  eden space 465920K, 0% used [0x000000076ab00000,0x000000076ab00000,0x0000000787200000)
  from space 465920K, 88% used [0x0000000787200000,0x00000007a061bb48,0x00000007a3900000)
  to   space 465920K, 0% used [0x00000007a3900000,0x00000007a3900000,0x00000007c0000000)
 ParOldGen       total 1077248K, used 726173K [0x00000006c0000000, 0x0000000701c00000, 0x000000076ab00000)
  object space 1077248K, 67% used [0x00000006c0000000,0x00000006ec5276a0,0x0000000701c00000)
 Metaspace       used 49628K, capacity 50222K, committed 50560K, reserved 1091584K
  class space    used 7293K, capacity 7437K, committed 7552K, reserved 1048576K
}
Event: 38.535 GC heap before
{Heap before GC invocations=65 (full 9):
 PSYoungGen      total 931840K, used 878763K [0x000000076ab00000, 0x00000007c0000000, 0x00000007c0000000)
  eden space 465920K, 99% used [0x000000076ab00000,0x000000078710f498,0x0000000787200000)
  from space 465920K, 88% used [0x0000000787200000,0x00000007a061bb48,0x00000007a3900000)
  to   space 465920K, 0% used [0x00000007a3900000,0x00000007a3900000,0x00000007c0000000)
 ParOldGen       total 1077248K, used 726173K [0x00000006c0000000, 0x0000000701c00000, 0x000000076ab00000)
  object space 1077248K, 67% used [0x00000006c0000000,0x00000006ec5276a0,0x0000000701c00000)
 Metaspace       used 49628K, capacity 50222K, committed 50560K, reserved 1091584K
  class space    used 7293K, capacity 7437K, committed 7552K, reserved 1048576K
Event: 38.656 GC heap after
Heap after GC invocations=65 (full 9):
 PSYoungGen      total 931840K, used 446421K [0x000000076ab00000, 0x00000007c0000000, 0x00000007c0000000)
  eden space 465920K, 0% used [0x000000076ab00000,0x000000076ab00000,0x0000000787200000)
  from space 465920K, 95% used [0x00000007a3900000,0x00000007becf56d0,0x00000007c0000000)
  to   space 465920K, 0% used [0x0000000787200000,0x0000000787200000,0x00000007a3900000)
 ParOldGen       total 1077248K, used 726173K [0x00000006c0000000, 0x0000000701c00000, 0x000000076ab00000)
  object space 1077248K, 67% used [0x00000006c0000000,0x00000006ec5276a0,0x0000000701c00000)
 Metaspace       used 49628K, capacity 50222K, committed 50560K, reserved 1091584K
  class space    used 7293K, capacity 7437K, committed 7552K, reserved 1048576K
}
Event: 38.772 GC heap before
{Heap before GC invocations=66 (full 9):
 PSYoungGen      total 931840K, used 912341K [0x000000076ab00000, 0x00000007c0000000, 0x00000007c0000000)
  eden space 465920K, 100% used [0x000000076ab00000,0x0000000787200000,0x0000000787200000)
  from space 465920K, 95% used [0x00000007a3900000,0x00000007becf56d0,0x00000007c0000000)
  to   space 465920K, 0% used [0x0000000787200000,0x0000000787200000,0x00000007a3900000)
 ParOldGen       total 1077248K, used 726173K [0x00000006c0000000, 0x0000000701c00000, 0x000000076ab00000)
  object space 1077248K, 67% used [0x00000006c0000000,0x00000006ec5276a0,0x0000000701c00000)
 Metaspace       used 49634K, capacity 50222K, committed 50560K, reserved 1091584K
  class space    used 7293K, capacity 7437K, committed 7552K, reserved 1048576K
Event: 38.924 GC heap after
Heap after GC invocations=66 (full 9):
 PSYoungGen      total 931840K, used 465888K [0x000000076ab00000, 0x00000007c0000000, 0x00000007c0000000)
  eden space 465920K, 0% used [0x000000076ab00000,0x000000076ab00000,0x0000000787200000)
  from space 465920K, 99% used [0x0000000787200000,0x00000007a38f8030,0x00000007a3900000)
  to   space 465920K, 0% used [0x00000007a3900000,0x00000007a3900000,0x00000007c0000000)
 ParOldGen       total 1077248K, used 893041K [0x00000006c0000000, 0x0000000701c00000, 0x000000076ab00000)
  object space 1077248K, 82% used [0x00000006c0000000,0x00000006f681c418,0x0000000701c00000)
 Metaspace       used 49634K, capacity 50222K, committed 50560K, reserved 1091584K
  class space    used 7293K, capacity 7437K, committed 7552K, reserved 1048576K
}
Event: 39.030 GC heap before
{Heap before GC invocations=67 (full 9):
 PSYoungGen      total 931840K, used 923500K [0x000000076ab00000, 0x00000007c0000000, 0x00000007c0000000)
  eden space 465920K, 98% used [0x000000076ab00000,0x00000007869e3090,0x0000000787200000)
  from space 465920K, 99% used [0x0000000787200000,0x00000007a38f8030,0x00000007a3900000)
  to   space 465920K, 0% used [0x00000007a3900000,0x00000007a3900000,0x00000007c0000000)
 ParOldGen       total 1077248K, used 893041K [0x00000006c0000000, 0x0000000701c00000, 0x000000076ab00000)
  object space 1077248K, 82% used [0x00000006c0000000,0x00000006f681c418,0x0000000701c00000)
 Metaspace       used 49640K, capacity 50222K, committed 50560K, reserved 1091584K
  class space    used 7293K, capacity 7437K, committed 7552K, reserved 1048576K
Event: 39.242 GC heap after
Heap after GC invocations=67 (full 9):
 PSYoungGen      total 931840K, used 465888K [0x000000076ab00000, 0x00000007c0000000, 0x00000007c0000000)
  eden space 465920K, 0% used [0x000000076ab00000,0x000000076ab00000,0x0000000787200000)
  from space 465920K, 99% used [0x00000007a3900000,0x00000007bfff8028,0x00000007c0000000)
  to   space 465920K, 0% used [0x0000000787200000,0x0000000787200000,0x00000007a3900000)
 ParOldGen       total 1137152K, used 1136536K [0x00000006c0000000, 0x0000000705680000, 0x000000076ab00000)
  object space 1137152K, 99% used [0x00000006c0000000,0x00000007055e63b8,0x0000000705680000)
 Metaspace       used 49640K, capacity 50222K, committed 50560K, reserved 1091584K
  class space    used 7293K, capacity 7437K, committed 7552K, reserved 1048576K
}
Event: 39.242 GC heap before
{Heap before GC invocations=68 (full 10):
 PSYoungGen      total 931840K, used 465888K [0x000000076ab00000, 0x00000007c0000000, 0x00000007c0000000)
  eden space 465920K, 0% used [0x000000076ab00000,0x000000076ab00000,0x0000000787200000)
  from space 465920K, 99% used [0x00000007a3900000,0x00000007bfff8028,0x00000007c0000000)
  to   space 465920K, 0% used [0x0000000787200000,0x0000000787200000,0x00000007a3900000)
 ParOldGen       total 1137152K, used 1136536K [0x00000006c0000000, 0x0000000705680000, 0x000000076ab00000)
  object space 1137152K, 99% used [0x00000006c0000000,0x00000007055e63b8,0x0000000705680000)
 Metaspace       used 49640K, capacity 50222K, committed 50560K, reserved 1091584K
  class space    used 7293K, capacity 7437K, committed 7552K, reserved 1048576K

